This is pdfTeX, Version 3.1415926-2.5-1.40.14 (MiKTeX 2.9) (preloaded format=pdflatex 2014.4.6)  6 APR 2014 14:37
entering extended mode
**master.tex
(C:\Users\MelissaB\Documents\GitHub\texttolearn\Thesis\master.tex
LaTeX2e <2011/06/27>
Babel <v3.8m> and hyphenation patterns for english, afrikaans, ancientgreek, ar
abic, armenian, assamese, basque, bengali, bokmal, bulgarian, catalan, coptic, 
croatian, czech, danish, dutch, esperanto, estonian, farsi, finnish, french, ga
lician, german, german-x-2013-05-26, greek, gujarati, hindi, hungarian, iceland
ic, indonesian, interlingua, irish, italian, kannada, kurmanji, latin, latvian,
 lithuanian, malayalam, marathi, mongolian, mongolianlmc, monogreek, ngerman, n
german-x-2013-05-26, nynorsk, oriya, panjabi, pinyin, polish, portuguese, roman
ian, russian, sanskrit, serbian, slovak, slovenian, spanish, swedish, swissgerm
an, tamil, telugu, turkish, turkmen, ukenglish, ukrainian, uppersorbian, usengl
ishmax, welsh, loaded.
(C:\Users\MelissaB\Documents\GitHub\texttolearn\Thesis\scu-thesis.cls
Document Class: scu-thesis 2013/10/01 SCU Thesis class
("C:\Program Files (x86)\MiKTeX 2.9\tex\latex\base\report.cls"
Document Class: report 2007/10/19 v1.4h Standard LaTeX document class
("C:\Program Files (x86)\MiKTeX 2.9\tex\latex\base\size10.clo"
File: size10.clo 2007/10/19 v1.4h Standard LaTeX file (size option)
)
\c@part=\count79
\c@chapter=\count80
\c@section=\count81
\c@subsection=\count82
\c@subsubsection=\count83
\c@paragraph=\count84
\c@subparagraph=\count85
\c@figure=\count86
\c@table=\count87
\abovecaptionskip=\skip41
\belowcaptionskip=\skip42
\bibindent=\dimen102
)
(C:\Users\MelissaB\AppData\Roaming\MiKTeX\2.9\tex\latex\setspace\setspace.sty
Package: setspace 2011/12/19 v6.7a set line spacing
)
\@margintop=\skip43
\@marginbottom=\skip44
\@marginleft=\skip45
\@marginright=\skip46
\c@@authorcount=\count88
\c@@degreecount=\count89
\c@@departmentcount=\count90
\c@@itemcount=\count91
) (C:\Users\MelissaB\AppData\Roaming\MiKTeX\2.9\tex\latex\txfonts\txfonts.sty
Package: txfonts 2008/01/22 v3.2.1
LaTeX Font Info:    Redeclaring symbol font `operators' on input line 21.
LaTeX Font Info:    Overwriting symbol font `operators' in version `normal'
(Font)                  OT1/cmr/m/n --> OT1/txr/m/n on input line 21.
LaTeX Font Info:    Overwriting symbol font `operators' in version `bold'
(Font)                  OT1/cmr/bx/n --> OT1/txr/m/n on input line 21.
LaTeX Font Info:    Overwriting symbol font `operators' in version `bold'
(Font)                  OT1/txr/m/n --> OT1/txr/bx/n on input line 22.
\symitalic=\mathgroup4
LaTeX Font Info:    Overwriting symbol font `italic' in version `bold'
(Font)                  OT1/txr/m/it --> OT1/txr/bx/it on input line 26.
LaTeX Font Info:    Redeclaring math alphabet \mathbf on input line 29.
LaTeX Font Info:    Overwriting math alphabet `\mathbf' in version `normal'
(Font)                  OT1/cmr/bx/n --> OT1/txr/bx/n on input line 29.
LaTeX Font Info:    Overwriting math alphabet `\mathbf' in version `bold'
(Font)                  OT1/cmr/bx/n --> OT1/txr/bx/n on input line 29.
LaTeX Font Info:    Redeclaring math alphabet \mathit on input line 30.
LaTeX Font Info:    Overwriting math alphabet `\mathit' in version `normal'
(Font)                  OT1/cmr/m/it --> OT1/txr/m/it on input line 30.
LaTeX Font Info:    Overwriting math alphabet `\mathit' in version `bold'
(Font)                  OT1/cmr/bx/it --> OT1/txr/m/it on input line 30.
LaTeX Font Info:    Overwriting math alphabet `\mathit' in version `bold'
(Font)                  OT1/txr/m/it --> OT1/txr/bx/it on input line 31.
LaTeX Font Info:    Redeclaring math alphabet \mathsf on input line 40.
LaTeX Font Info:    Overwriting math alphabet `\mathsf' in version `normal'
(Font)                  OT1/cmss/m/n --> OT1/txss/m/n on input line 40.
LaTeX Font Info:    Overwriting math alphabet `\mathsf' in version `bold'
(Font)                  OT1/cmss/bx/n --> OT1/txss/m/n on input line 40.
LaTeX Font Info:    Overwriting math alphabet `\mathsf' in version `bold'
(Font)                  OT1/txss/m/n --> OT1/txss/b/n on input line 41.
LaTeX Font Info:    Redeclaring math alphabet \mathtt on input line 50.
LaTeX Font Info:    Overwriting math alphabet `\mathtt' in version `normal'
(Font)                  OT1/cmtt/m/n --> OT1/txtt/m/n on input line 50.
LaTeX Font Info:    Overwriting math alphabet `\mathtt' in version `bold'
(Font)                  OT1/cmtt/m/n --> OT1/txtt/m/n on input line 50.
LaTeX Font Info:    Overwriting math alphabet `\mathtt' in version `bold'
(Font)                  OT1/txtt/m/n --> OT1/txtt/b/n on input line 51.
LaTeX Font Info:    Redeclaring symbol font `letters' on input line 58.
LaTeX Font Info:    Overwriting symbol font `letters' in version `normal'
(Font)                  OML/cmm/m/it --> OML/txmi/m/it on input line 58.
LaTeX Font Info:    Overwriting symbol font `letters' in version `bold'
(Font)                  OML/cmm/b/it --> OML/txmi/m/it on input line 58.
LaTeX Font Info:    Overwriting symbol font `letters' in version `bold'
(Font)                  OML/txmi/m/it --> OML/txmi/bx/it on input line 59.
\symlettersA=\mathgroup5
LaTeX Font Info:    Overwriting symbol font `lettersA' in version `bold'
(Font)                  U/txmia/m/it --> U/txmia/bx/it on input line 67.
LaTeX Font Info:    Redeclaring symbol font `symbols' on input line 77.
LaTeX Font Info:    Overwriting symbol font `symbols' in version `normal'
(Font)                  OMS/cmsy/m/n --> OMS/txsy/m/n on input line 77.
LaTeX Font Info:    Overwriting symbol font `symbols' in version `bold'
(Font)                  OMS/cmsy/b/n --> OMS/txsy/m/n on input line 77.
LaTeX Font Info:    Overwriting symbol font `symbols' in version `bold'
(Font)                  OMS/txsy/m/n --> OMS/txsy/bx/n on input line 78.
\symAMSa=\mathgroup6
LaTeX Font Info:    Overwriting symbol font `AMSa' in version `bold'
(Font)                  U/txsya/m/n --> U/txsya/bx/n on input line 94.
\symAMSb=\mathgroup7
LaTeX Font Info:    Overwriting symbol font `AMSb' in version `bold'
(Font)                  U/txsyb/m/n --> U/txsyb/bx/n on input line 103.
\symsymbolsC=\mathgroup8
LaTeX Font Info:    Overwriting symbol font `symbolsC' in version `bold'
(Font)                  U/txsyc/m/n --> U/txsyc/bx/n on input line 113.
LaTeX Font Info:    Redeclaring symbol font `largesymbols' on input line 120.
LaTeX Font Info:    Overwriting symbol font `largesymbols' in version `normal'
(Font)                  OMX/cmex/m/n --> OMX/txex/m/n on input line 120.
LaTeX Font Info:    Overwriting symbol font `largesymbols' in version `bold'
(Font)                  OMX/cmex/m/n --> OMX/txex/m/n on input line 120.
LaTeX Font Info:    Overwriting symbol font `largesymbols' in version `bold'
(Font)                  OMX/txex/m/n --> OMX/txex/bx/n on input line 121.
\symlargesymbolsA=\mathgroup9
LaTeX Font Info:    Overwriting symbol font `largesymbolsA' in version `bold'
(Font)                  U/txexa/m/n --> U/txexa/bx/n on input line 129.
LaTeX Info: Redefining \not on input line 1043.
)
("C:\Program Files (x86)\MiKTeX 2.9\tex\latex\ltxmisc\parskip.sty"
Package: parskip 2001/04/09 non-zero parskip adjustments
)

LaTeX Warning: Unused global option(s):
    [letter].

(C:\Users\MelissaB\Documents\GitHub\texttolearn\Thesis\master.aux
(C:\Users\MelissaB\Documents\GitHub\texttolearn\Thesis\abstract.aux)
(C:\Users\MelissaB\Documents\GitHub\texttolearn\Thesis\introduction.aux)
(C:\Users\MelissaB\Documents\GitHub\texttolearn\Thesis\projectdesc.aux))
LaTeX Font Info:    Checking defaults for OML/txmi/m/it on input line 27.
LaTeX Font Info:    Try loading font information for OML+txmi on input line 27.


(C:\Users\MelissaB\AppData\Roaming\MiKTeX\2.9\tex\latex\txfonts\omltxmi.fd
File: omltxmi.fd 2000/12/15 v3.1
)
LaTeX Font Info:    ... okay on input line 27.
LaTeX Font Info:    Checking defaults for T1/cmr/m/n on input line 27.
LaTeX Font Info:    ... okay on input line 27.
LaTeX Font Info:    Checking defaults for OT1/cmr/m/n on input line 27.
LaTeX Font Info:    ... okay on input line 27.
LaTeX Font Info:    Checking defaults for OMS/txsy/m/n on input line 27.
LaTeX Font Info:    Try loading font information for OMS+txsy on input line 27.


(C:\Users\MelissaB\AppData\Roaming\MiKTeX\2.9\tex\latex\txfonts\omstxsy.fd
File: omstxsy.fd 2000/12/15 v3.1
)
LaTeX Font Info:    ... okay on input line 27.
LaTeX Font Info:    Checking defaults for OMX/txex/m/n on input line 27.
LaTeX Font Info:    Try loading font information for OMX+txex on input line 27.


(C:\Users\MelissaB\AppData\Roaming\MiKTeX\2.9\tex\latex\txfonts\omxtxex.fd
File: omxtxex.fd 2000/12/15 v3.1
)
LaTeX Font Info:    ... okay on input line 27.
LaTeX Font Info:    Checking defaults for U/txexa/m/n on input line 27.
LaTeX Font Info:    Try loading font information for U+txexa on input line 27.

(C:\Users\MelissaB\AppData\Roaming\MiKTeX\2.9\tex\latex\txfonts\utxexa.fd
File: utxexa.fd 2000/12/15 v3.1
)
LaTeX Font Info:    ... okay on input line 27.
LaTeX Font Info:    Try loading font information for OT1+txr on input line 27.

(C:\Users\MelissaB\AppData\Roaming\MiKTeX\2.9\tex\latex\txfonts\ot1txr.fd
File: ot1txr.fd 2000/12/15 v3.1
)
LaTeX Font Info:    Try loading font information for U+txmia on input line 28.

(C:\Users\MelissaB\AppData\Roaming\MiKTeX\2.9\tex\latex\txfonts\utxmia.fd
File: utxmia.fd 2000/12/15 v3.1
)
LaTeX Font Info:    Try loading font information for U+txsya on input line 28.

(C:\Users\MelissaB\AppData\Roaming\MiKTeX\2.9\tex\latex\txfonts\utxsya.fd
File: utxsya.fd 2000/12/15 v3.1
)
LaTeX Font Info:    Try loading font information for U+txsyb on input line 28.

(C:\Users\MelissaB\AppData\Roaming\MiKTeX\2.9\tex\latex\txfonts\utxsyb.fd
File: utxsyb.fd 2000/12/15 v3.1
)
LaTeX Font Info:    Try loading font information for U+txsyc on input line 28.

(C:\Users\MelissaB\AppData\Roaming\MiKTeX\2.9\tex\latex\txfonts\utxsyc.fd
File: utxsyc.fd 2000/12/15 v3.1
)
[1


Non-PDF special ignored!

{C:/Users/MelissaB/AppData/Local/MiKTeX/2.9/pdftex/config/pdftex.map}] [2]
(C:\Users\MelissaB\Documents\GitHub\texttolearn\Thesis\abstract.tex
Missing character: There is no ‚ in font txr!
Missing character: There is no Ä in font txr!
Missing character: There is no ô in font txr!
 [3

])
(C:\Users\MelissaB\Documents\GitHub\texttolearn\Thesis\master.toc)
\tf@toc=\write3
 [4


]
(C:\Users\MelissaB\Documents\GitHub\texttolearn\Thesis\master.lof)
\tf@lof=\write4
 [5

]
(C:\Users\MelissaB\Documents\GitHub\texttolearn\Thesis\master.lot)
\tf@lot=\write5
 [6

]
(C:\Users\MelissaB\Documents\GitHub\texttolearn\Thesis\introduction.tex
Chapter 1.
[1



]
Missing character: There is no ‚ in font txr!
Missing character: There is no Ä in font txr!
Missing character: There is no ô in font txr!
) [2] (C:\Users\MelissaB\Documents\GitHub\texttolearn\Thesis\projectdesc.tex
Chapter 2.
Missing character: There is no ‚ in font txr!
Missing character: There is no Ä in font txr!
Missing character: There is no ô in font txr!
Missing character: There is no ‚ in font txr!
Missing character: There is no Ä in font txr!
Missing character: There is no ô in font txr!
[3



]
Missing character: There is no ‚ in font txr!
Missing character: There is no Ä in font txr!
Missing character: There is no ú in font txr!
Missing character: There is no ‚ in font txr!
Missing character: There is no Ä in font txr!
Missing character: There is no ù in font txr!
Missing character: There is no ‚ in font txr!
Missing character: There is no Ä in font txr!
Missing character: There is no ú in font txr!
Missing character: There is no ‚ in font txr!
Missing character: There is no Ä in font txr!
Missing character: There is no ù in font txr!
Missing character: There is no ‚ in font txr!
Missing character: There is no Ä in font txr!
Missing character: There is no ú in font txr!
Missing character: There is no ‚ in font txr!
Missing character: There is no Ä in font txr!
Missing character: There is no ù in font txr!
Missing character: There is no ‚ in font txr!
Missing character: There is no Ä in font txr!
Missing character: There is no ô in font txr!
Missing character: There is no ‚ in font txr!
Missing character: There is no Ä in font txr!
Missing character: There is no ú in font txr!
Missing character: There is no ‚ in font txr!
Missing character: There is no Ä in font txr!
Missing character: There is no ù in font txr!
Missing character: There is no ‚ in font txr!
Missing character: There is no Ä in font txr!
Missing character: There is no ú in font txr!
Missing character: There is no ‚ in font txr!
Missing character: There is no Ä in font txr!
Missing character: There is no ù in font txr!
Missing character: There is no ‚ in font txr!
Missing character: There is no Ä in font txr!
Missing character: There is no ú in font txr!
Missing character: There is no ‚ in font txr!
Missing character: There is no Ä in font txr!
Missing character: There is no ù in font txr!
 [4]
Missing character: There is no ‚ in font txr!
Missing character: There is no Ä in font txr!
Missing character: There is no ô in font txr!
Missing character: There is no ‚ in font txr!
Missing character: There is no Ä in font txr!
Missing character: There is no ú in font txr!
Missing character: There is no ‚ in font txr!
Missing character: There is no Ä in font txr!
Missing character: There is no ù in font txr!
 [5]
Missing character: There is no ‚ in font txr!
Missing character: There is no Ä in font txr!
Missing character: There is no ô in font txr!
) [6]
(C:\Users\MelissaB\Documents\GitHub\texttolearn\Thesis\master.aux
(C:\Users\MelissaB\Documents\GitHub\texttolearn\Thesis\abstract.aux)
(C:\Users\MelissaB\Documents\GitHub\texttolearn\Thesis\introduction.aux)
(C:\Users\MelissaB\Documents\GitHub\texttolearn\Thesis\projectdesc.aux)) ) 
Here is how much of TeX's memory you used:
 1099 strings out of 493921
 14948 string characters out of 3144868
 53748 words of memory out of 3000000
 4386 multiletter control sequences out of 15000+200000
 24373 words of font info for 61 fonts, out of 3000000 for 9000
 841 hyphenation exceptions out of 8191
 29i,6n,22p,1128b,192s stack positions out of 5000i,500n,10000p,200000b,50000s
{C:/P
rogram Files (x86)/MiKTeX 2.9/fonts/enc/dvips/fontname/8r.enc}<C:/Users/Melissa
B/AppData/Roaming/MiKTeX/2.9/fonts/type1/public/txfonts/rtxr.pfb><C:/Program Fi
les (x86)/MiKTeX 2.9/fonts/type1/urw/times/utmb8a.pfb><C:/Program Files (x86)/M
iKTeX 2.9/fonts/type1/urw/times/utmr8a.pfb>
Output written on master.pdf (12 pages, 54628 bytes).
PDF statistics:
 54 PDF objects out of 1000 (max. 8388607)
 0 named destinations out of 1000 (max. 500000)
 1 words of extra memory for PDF output out of 10000 (max. 10000000)

